<?xml version="1.0" encoding="UTF-8"?>
<coverage generated="1761966933">
  <project timestamp="1761966933" name="Clover Coverage">
    <package name="Honed\Form\Abstracts">
      <file name="/home/josh/code/honed/honed/packages/laravel/form/src/Abstracts/Component.php">
        <class name="Honed\Form\Abstracts\Component" namespace="Honed\Form\Abstracts">
          <metrics complexity="5" methods="5" coveredmethods="5" conditionals="0" coveredconditionals="0" statements="11" coveredstatements="11" elements="16" coveredelements="16"/>
        </class>
        <line num="29" type="method" name="__construct" visibility="public" complexity="1" crap="1" count="28"/>
        <line num="31" type="stmt" count="28"/>
        <line num="33" type="stmt" count="28"/>
        <line num="46" type="method" name="asComponent" visibility="public" complexity="1" crap="1" count="1"/>
        <line num="48" type="stmt" count="1"/>
        <line num="50" type="stmt" count="1"/>
        <line num="56" type="method" name="getComponent" visibility="public" complexity="1" crap="1" count="17"/>
        <line num="58" type="stmt" count="17"/>
        <line num="66" type="method" name="toArray" visibility="public" complexity="1" crap="1" count="6"/>
        <line num="68" type="stmt" count="6"/>
        <line num="70" type="stmt" count="6"/>
        <line num="78" type="method" name="representation" visibility="protected" complexity="1" crap="1" count="6"/>
        <line num="80" type="stmt" count="6"/>
        <line num="81" type="stmt" count="6"/>
        <line num="82" type="stmt" count="6"/>
        <line num="83" type="stmt" count="6"/>
        <metrics loc="86" ncloc="55" classes="1" methods="5" coveredmethods="5" conditionals="0" coveredconditionals="0" statements="11" coveredstatements="11" elements="16" coveredelements="16"/>
      </file>
      <file name="/home/josh/code/honed/honed/packages/laravel/form/src/Abstracts/Field.php">
        <class name="Honed\Form\Abstracts\Field" namespace="Honed\Form\Abstracts">
          <metrics complexity="6" methods="2" coveredmethods="2" conditionals="0" coveredconditionals="0" statements="14" coveredstatements="14" elements="16" coveredelements="16"/>
        </class>
        <line num="31" type="method" name="make" visibility="public" complexity="1" crap="1" count="18"/>
        <line num="33" type="stmt" count="18"/>
        <line num="34" type="stmt" count="18"/>
        <line num="35" type="stmt" count="18"/>
        <line num="43" type="method" name="representation" visibility="protected" complexity="5" crap="5" count="2"/>
        <line num="45" type="stmt" count="2"/>
        <line num="46" type="stmt" count="2"/>
        <line num="47" type="stmt" count="2"/>
        <line num="48" type="stmt" count="2"/>
        <line num="49" type="stmt" count="2"/>
        <line num="50" type="stmt" count="2"/>
        <line num="51" type="stmt" count="2"/>
        <line num="52" type="stmt" count="2"/>
        <line num="53" type="stmt" count="2"/>
        <line num="54" type="stmt" count="2"/>
        <line num="55" type="stmt" count="2"/>
        <metrics loc="58" ncloc="50" classes="1" methods="2" coveredmethods="2" conditionals="0" coveredconditionals="0" statements="14" coveredstatements="14" elements="16" coveredelements="16"/>
      </file>
      <file name="/home/josh/code/honed/honed/packages/laravel/form/src/Abstracts/Grouping.php">
        <class name="Honed\Form\Abstracts\Grouping" namespace="Honed\Form\Abstracts">
          <metrics complexity="2" methods="2" coveredmethods="2" conditionals="0" coveredconditionals="0" statements="5" coveredstatements="5" elements="7" coveredelements="7"/>
        </class>
        <line num="18" type="method" name="make" visibility="public" complexity="1" crap="1" count="3"/>
        <line num="20" type="stmt" count="3"/>
        <line num="28" type="method" name="representation" visibility="protected" complexity="1" crap="1" count="1"/>
        <line num="30" type="stmt" count="1"/>
        <line num="31" type="stmt" count="1"/>
        <line num="32" type="stmt" count="1"/>
        <line num="33" type="stmt" count="1"/>
        <metrics loc="36" ncloc="26" classes="1" methods="2" coveredmethods="2" conditionals="0" coveredconditionals="0" statements="5" coveredstatements="5" elements="7" coveredelements="7"/>
      </file>
    </package>
    <package name="Honed\Form\Attributes">
      <file name="/home/josh/code/honed/honed/packages/laravel/form/src/Attributes/UseForm.php">
        <class name="Honed\Form\Attributes\UseForm" namespace="Honed\Form\Attributes">
          <metrics complexity="1" methods="1" coveredmethods="1" conditionals="0" coveredconditionals="0" statements="1" coveredstatements="1" elements="2" coveredelements="2"/>
        </class>
        <line num="17" type="method" name="__construct" visibility="public" complexity="1" crap="1" count="2"/>
        <line num="19" type="stmt" count="2"/>
        <metrics loc="21" ncloc="16" classes="1" methods="1" coveredmethods="1" conditionals="0" coveredconditionals="0" statements="1" coveredstatements="1" elements="2" coveredelements="2"/>
      </file>
    </package>
    <package name="Honed\Form\Commands">
      <file name="/home/josh/code/honed/honed/packages/laravel/form/src/Commands/FormComponentMakeCommand.php">
        <class name="Honed\Form\Commands\FormComponentMakeCommand" namespace="Honed\Form\Commands">
          <metrics complexity="6" methods="5" coveredmethods="4" conditionals="0" coveredconditionals="0" statements="14" coveredstatements="13" elements="19" coveredelements="17"/>
        </class>
        <line num="41" type="method" name="getStub" visibility="protected" complexity="1" crap="1" count="2"/>
        <line num="43" type="stmt" count="2"/>
        <line num="51" type="method" name="resolveStubPath" visibility="protected" complexity="2" crap="2.15" count="2"/>
        <line num="53" type="stmt" count="2"/>
        <line num="54" type="stmt" count="0"/>
        <line num="55" type="stmt" count="2"/>
        <line num="63" type="method" name="getDefaultNamespace" visibility="protected" complexity="1" crap="1" count="2"/>
        <line num="65" type="stmt" count="2"/>
        <line num="73" type="method" name="getOptions" visibility="protected" complexity="1" crap="1" count="2"/>
        <line num="75" type="stmt" count="2"/>
        <line num="76" type="stmt" count="2"/>
        <line num="77" type="stmt" count="2"/>
        <line num="85" type="method" name="promptForMissingArgumentsUsing" visibility="protected" complexity="1" crap="1" count="1"/>
        <line num="87" type="stmt" count="1"/>
        <line num="88" type="stmt" count="1"/>
        <line num="89" type="stmt" count="1"/>
        <line num="90" type="stmt" count="1"/>
        <line num="91" type="stmt" count="1"/>
        <line num="92" type="stmt" count="1"/>
        <metrics loc="95" ncloc="57" classes="1" methods="5" coveredmethods="4" conditionals="0" coveredconditionals="0" statements="14" coveredstatements="13" elements="19" coveredelements="17"/>
      </file>
      <file name="/home/josh/code/honed/honed/packages/laravel/form/src/Commands/FormListCommand.php">
        <class name="Honed\Form\Commands\FormListCommand" namespace="Honed\Form\Commands">
          <metrics complexity="3" methods="2" coveredmethods="2" conditionals="0" coveredconditionals="0" statements="2" coveredstatements="2" elements="4" coveredelements="4"/>
        </class>
        <line num="33" type="method" name="paths" visibility="protected" complexity="1" crap="1" count="1"/>
        <line num="35" type="stmt" count="1"/>
        <line num="41" type="method" name="ignore" visibility="protected" complexity="2" crap="2" count="1"/>
        <line num="43" type="stmt" count="1"/>
        <metrics loc="46" ncloc="28" classes="1" methods="2" coveredmethods="2" conditionals="0" coveredconditionals="0" statements="2" coveredstatements="2" elements="4" coveredelements="4"/>
      </file>
      <file name="/home/josh/code/honed/honed/packages/laravel/form/src/Commands/FormMakeCommand.php">
        <class name="Honed\Form\Commands\FormMakeCommand" namespace="Honed\Form\Commands">
          <metrics complexity="6" methods="5" coveredmethods="4" conditionals="0" coveredconditionals="0" statements="14" coveredstatements="13" elements="19" coveredelements="17"/>
        </class>
        <line num="41" type="method" name="getStub" visibility="protected" complexity="1" crap="1" count="3"/>
        <line num="43" type="stmt" count="3"/>
        <line num="51" type="method" name="resolveStubPath" visibility="protected" complexity="2" crap="2.15" count="3"/>
        <line num="53" type="stmt" count="3"/>
        <line num="54" type="stmt" count="0"/>
        <line num="55" type="stmt" count="3"/>
        <line num="63" type="method" name="getDefaultNamespace" visibility="protected" complexity="1" crap="1" count="3"/>
        <line num="65" type="stmt" count="3"/>
        <line num="73" type="method" name="getOptions" visibility="protected" complexity="1" crap="1" count="3"/>
        <line num="75" type="stmt" count="3"/>
        <line num="76" type="stmt" count="3"/>
        <line num="77" type="stmt" count="3"/>
        <line num="85" type="method" name="promptForMissingArgumentsUsing" visibility="protected" complexity="1" crap="1" count="1"/>
        <line num="87" type="stmt" count="1"/>
        <line num="88" type="stmt" count="1"/>
        <line num="89" type="stmt" count="1"/>
        <line num="90" type="stmt" count="1"/>
        <line num="91" type="stmt" count="1"/>
        <line num="92" type="stmt" count="1"/>
        <metrics loc="95" ncloc="57" classes="1" methods="5" coveredmethods="4" conditionals="0" coveredconditionals="0" statements="14" coveredstatements="13" elements="19" coveredelements="17"/>
      </file>
    </package>
    <package name="Honed\Form\Components">
      <file name="/home/josh/code/honed/honed/packages/laravel/form/src/Components/Checkbox.php">
        <class name="Honed\Form\Components\Checkbox" namespace="Honed\Form\Components">
          <metrics complexity="2" methods="2" coveredmethods="2" conditionals="0" coveredconditionals="0" statements="2" coveredstatements="2" elements="4" coveredelements="4"/>
        </class>
        <line num="21" type="method" name="component" visibility="public" complexity="1" crap="1" count="1"/>
        <line num="24" type="stmt" count="1"/>
        <line num="30" type="method" name="empty" visibility="public" complexity="1" crap="1" count="1"/>
        <line num="32" type="stmt" count="1"/>
        <metrics loc="35" ncloc="23" classes="1" methods="2" coveredmethods="2" conditionals="0" coveredconditionals="0" statements="2" coveredstatements="2" elements="4" coveredelements="4"/>
      </file>
      <file name="/home/josh/code/honed/honed/packages/laravel/form/src/Components/FieldGroup.php">
        <class name="Honed\Form\Components\FieldGroup" namespace="Honed\Form\Components">
          <metrics complexity="1" methods="1" coveredmethods="1" conditionals="0" coveredconditionals="0" statements="1" coveredstatements="1" elements="2" coveredelements="2"/>
        </class>
        <line num="21" type="method" name="component" visibility="public" complexity="1" crap="1" count="2"/>
        <line num="24" type="stmt" count="2"/>
        <metrics loc="27" ncloc="18" classes="1" methods="1" coveredmethods="1" conditionals="0" coveredconditionals="0" statements="1" coveredstatements="1" elements="2" coveredelements="2"/>
      </file>
      <file name="/home/josh/code/honed/honed/packages/laravel/form/src/Components/Fieldset.php">
        <class name="Honed\Form\Components\Fieldset" namespace="Honed\Form\Components">
          <metrics complexity="1" methods="1" coveredmethods="1" conditionals="0" coveredconditionals="0" statements="1" coveredstatements="1" elements="2" coveredelements="2"/>
        </class>
        <line num="21" type="method" name="component" visibility="public" complexity="1" crap="1" count="1"/>
        <line num="24" type="stmt" count="1"/>
        <metrics loc="27" ncloc="18" classes="1" methods="1" coveredmethods="1" conditionals="0" coveredconditionals="0" statements="1" coveredstatements="1" elements="2" coveredelements="2"/>
      </file>
      <file name="/home/josh/code/honed/honed/packages/laravel/form/src/Components/Input.php">
        <class name="Honed\Form\Components\Input" namespace="Honed\Form\Components">
          <metrics complexity="2" methods="2" coveredmethods="2" conditionals="0" coveredconditionals="0" statements="2" coveredstatements="2" elements="4" coveredelements="4"/>
        </class>
        <line num="21" type="method" name="component" visibility="public" complexity="1" crap="1" count="3"/>
        <line num="24" type="stmt" count="3"/>
        <line num="30" type="method" name="empty" visibility="public" complexity="1" crap="1" count="4"/>
        <line num="32" type="stmt" count="4"/>
        <metrics loc="35" ncloc="23" classes="1" methods="2" coveredmethods="2" conditionals="0" coveredconditionals="0" statements="2" coveredstatements="2" elements="4" coveredelements="4"/>
      </file>
      <file name="/home/josh/code/honed/honed/packages/laravel/form/src/Components/Legend.php">
        <class name="Honed\Form\Components\Legend" namespace="Honed\Form\Components">
          <metrics complexity="3" methods="3" coveredmethods="3" conditionals="0" coveredconditionals="0" statements="6" coveredstatements="6" elements="9" coveredelements="9"/>
        </class>
        <line num="24" type="method" name="make" visibility="public" complexity="1" crap="1" count="4"/>
        <line num="26" type="stmt" count="4"/>
        <line num="32" type="method" name="component" visibility="public" complexity="1" crap="1" count="4"/>
        <line num="35" type="stmt" count="4"/>
        <line num="43" type="method" name="representation" visibility="protected" complexity="1" crap="1" count="2"/>
        <line num="45" type="stmt" count="2"/>
        <line num="46" type="stmt" count="2"/>
        <line num="47" type="stmt" count="2"/>
        <line num="48" type="stmt" count="2"/>
        <metrics loc="51" ncloc="34" classes="1" methods="3" coveredmethods="3" conditionals="0" coveredconditionals="0" statements="6" coveredstatements="6" elements="9" coveredelements="9"/>
      </file>
      <file name="/home/josh/code/honed/honed/packages/laravel/form/src/Components/Password.php">
        <class name="Honed\Form\Components\Password" namespace="Honed\Form\Components">
          <metrics complexity="1" methods="1" coveredmethods="1" conditionals="0" coveredconditionals="0" statements="1" coveredstatements="1" elements="2" coveredelements="2"/>
        </class>
        <line num="19" type="method" name="component" visibility="public" complexity="1" crap="1" count="1"/>
        <line num="22" type="stmt" count="1"/>
        <metrics loc="25" ncloc="16" classes="1" methods="1" coveredmethods="1" conditionals="0" coveredconditionals="0" statements="1" coveredstatements="1" elements="2" coveredelements="2"/>
      </file>
      <file name="/home/josh/code/honed/honed/packages/laravel/form/src/Components/Radio.php">
        <class name="Honed\Form\Components\Radio" namespace="Honed\Form\Components">
          <metrics complexity="1" methods="1" coveredmethods="1" conditionals="0" coveredconditionals="0" statements="1" coveredstatements="1" elements="2" coveredelements="2"/>
        </class>
        <line num="21" type="method" name="component" visibility="public" complexity="1" crap="1" count="1"/>
        <line num="24" type="stmt" count="1"/>
        <metrics loc="27" ncloc="18" classes="1" methods="1" coveredmethods="1" conditionals="0" coveredconditionals="0" statements="1" coveredstatements="1" elements="2" coveredelements="2"/>
      </file>
      <file name="/home/josh/code/honed/honed/packages/laravel/form/src/Components/Select.php">
        <class name="Honed\Form\Components\Select" namespace="Honed\Form\Components">
          <metrics complexity="1" methods="1" coveredmethods="1" conditionals="0" coveredconditionals="0" statements="1" coveredstatements="1" elements="2" coveredelements="2"/>
        </class>
        <line num="21" type="method" name="component" visibility="public" complexity="1" crap="1" count="1"/>
        <line num="24" type="stmt" count="1"/>
        <metrics loc="27" ncloc="18" classes="1" methods="1" coveredmethods="1" conditionals="0" coveredconditionals="0" statements="1" coveredstatements="1" elements="2" coveredelements="2"/>
      </file>
      <file name="/home/josh/code/honed/honed/packages/laravel/form/src/Components/Text.php">
        <class name="Honed\Form\Components\Text" namespace="Honed\Form\Components">
          <metrics complexity="3" methods="3" coveredmethods="3" conditionals="0" coveredconditionals="0" statements="6" coveredstatements="6" elements="9" coveredelements="9"/>
        </class>
        <line num="24" type="method" name="make" visibility="public" complexity="1" crap="1" count="3"/>
        <line num="26" type="stmt" count="3"/>
        <line num="32" type="method" name="component" visibility="public" complexity="1" crap="1" count="2"/>
        <line num="35" type="stmt" count="2"/>
        <line num="43" type="method" name="representation" visibility="protected" complexity="1" crap="1" count="1"/>
        <line num="45" type="stmt" count="1"/>
        <line num="46" type="stmt" count="1"/>
        <line num="47" type="stmt" count="1"/>
        <line num="48" type="stmt" count="1"/>
        <metrics loc="51" ncloc="34" classes="1" methods="3" coveredmethods="3" conditionals="0" coveredconditionals="0" statements="6" coveredstatements="6" elements="9" coveredelements="9"/>
      </file>
      <file name="/home/josh/code/honed/honed/packages/laravel/form/src/Components/Textarea.php">
        <class name="Honed\Form\Components\Textarea" namespace="Honed\Form\Components">
          <metrics complexity="1" methods="1" coveredmethods="1" conditionals="0" coveredconditionals="0" statements="1" coveredstatements="1" elements="2" coveredelements="2"/>
        </class>
        <line num="19" type="method" name="component" visibility="public" complexity="1" crap="1" count="1"/>
        <line num="22" type="stmt" count="1"/>
        <metrics loc="25" ncloc="16" classes="1" methods="1" coveredmethods="1" conditionals="0" coveredconditionals="0" statements="1" coveredstatements="1" elements="2" coveredelements="2"/>
      </file>
    </package>
    <package name="Honed\Form\Concerns">
      <file name="/home/josh/code/honed/honed/packages/laravel/form/src/Concerns/BelongsToForm.php">
        <class name="Honed\Form\Concerns\BelongsToForm" namespace="Honed\Form\Concerns">
          <metrics complexity="3" methods="3" coveredmethods="2" conditionals="0" coveredconditionals="0" statements="4" coveredstatements="3" elements="7" coveredelements="5"/>
        </class>
        <line num="23" type="method" name="form" visibility="public" complexity="1" crap="1" count="7"/>
        <line num="25" type="stmt" count="7"/>
        <line num="27" type="stmt" count="7"/>
        <line num="33" type="method" name="getForm" visibility="public" complexity="1" crap="1" count="7"/>
        <line num="35" type="stmt" count="7"/>
        <line num="41" type="method" name="getRecord" visibility="public" complexity="1" crap="2" count="0"/>
        <line num="43" type="stmt" count="0"/>
        <metrics loc="46" ncloc="30" classes="1" methods="3" coveredmethods="2" conditionals="0" coveredconditionals="0" statements="4" coveredstatements="3" elements="7" coveredelements="5"/>
      </file>
      <file name="/home/josh/code/honed/honed/packages/laravel/form/src/Concerns/CanBeAutofocused.php">
        <class name="Honed\Form\Concerns\CanBeAutofocused" namespace="Honed\Form\Concerns">
          <metrics complexity="4" methods="4" coveredmethods="4" conditionals="0" coveredconditionals="0" statements="5" coveredstatements="5" elements="9" coveredelements="9"/>
        </class>
        <line num="21" type="method" name="autofocus" visibility="public" complexity="1" crap="1" count="1"/>
        <line num="23" type="stmt" count="1"/>
        <line num="25" type="stmt" count="1"/>
        <line num="33" type="method" name="notAutofocused" visibility="public" complexity="1" crap="1" count="1"/>
        <line num="35" type="stmt" count="1"/>
        <line num="41" type="method" name="isAutofocused" visibility="public" complexity="1" crap="1" count="3"/>
        <line num="43" type="stmt" count="3"/>
        <line num="49" type="method" name="isNotAutofocused" visibility="public" complexity="1" crap="1" count="1"/>
        <line num="51" type="stmt" count="1"/>
        <metrics loc="54" ncloc="33" classes="1" methods="4" coveredmethods="4" conditionals="0" coveredconditionals="0" statements="5" coveredstatements="5" elements="9" coveredelements="9"/>
      </file>
      <file name="/home/josh/code/honed/honed/packages/laravel/form/src/Concerns/CanBeDisabled.php">
        <class name="Honed\Form\Concerns\CanBeDisabled" namespace="Honed\Form\Concerns">
          <metrics complexity="4" methods="4" coveredmethods="4" conditionals="0" coveredconditionals="0" statements="5" coveredstatements="5" elements="9" coveredelements="9"/>
        </class>
        <line num="21" type="method" name="disabled" visibility="public" complexity="1" crap="1" count="1"/>
        <line num="23" type="stmt" count="1"/>
        <line num="25" type="stmt" count="1"/>
        <line num="33" type="method" name="notDisabled" visibility="public" complexity="1" crap="1" count="1"/>
        <line num="35" type="stmt" count="1"/>
        <line num="41" type="method" name="isDisabled" visibility="public" complexity="1" crap="1" count="3"/>
        <line num="43" type="stmt" count="3"/>
        <line num="49" type="method" name="isNotDisabled" visibility="public" complexity="1" crap="1" count="1"/>
        <line num="51" type="stmt" count="1"/>
        <metrics loc="54" ncloc="33" classes="1" methods="4" coveredmethods="4" conditionals="0" coveredconditionals="0" statements="5" coveredstatements="5" elements="9" coveredelements="9"/>
      </file>
      <file name="/home/josh/code/honed/honed/packages/laravel/form/src/Concerns/CanBeOptional.php">
        <class name="Honed\Form\Concerns\CanBeOptional" namespace="Honed\Form\Concerns">
          <metrics complexity="4" methods="4" coveredmethods="4" conditionals="0" coveredconditionals="0" statements="5" coveredstatements="5" elements="9" coveredelements="9"/>
        </class>
        <line num="21" type="method" name="optional" visibility="public" complexity="1" crap="1" count="1"/>
        <line num="23" type="stmt" count="1"/>
        <line num="25" type="stmt" count="1"/>
        <line num="33" type="method" name="notOptional" visibility="public" complexity="1" crap="1" count="1"/>
        <line num="35" type="stmt" count="1"/>
        <line num="41" type="method" name="isOptional" visibility="public" complexity="1" crap="1" count="3"/>
        <line num="43" type="stmt" count="3"/>
        <line num="49" type="method" name="isNotOptional" visibility="public" complexity="1" crap="1" count="1"/>
        <line num="51" type="stmt" count="1"/>
        <metrics loc="54" ncloc="33" classes="1" methods="4" coveredmethods="4" conditionals="0" coveredconditionals="0" statements="5" coveredstatements="5" elements="9" coveredelements="9"/>
      </file>
      <file name="/home/josh/code/honed/honed/packages/laravel/form/src/Concerns/CanBeRequired.php">
        <class name="Honed\Form\Concerns\CanBeRequired" namespace="Honed\Form\Concerns">
          <metrics complexity="4" methods="4" coveredmethods="4" conditionals="0" coveredconditionals="0" statements="5" coveredstatements="5" elements="9" coveredelements="9"/>
        </class>
        <line num="21" type="method" name="required" visibility="public" complexity="1" crap="1" count="1"/>
        <line num="23" type="stmt" count="1"/>
        <line num="25" type="stmt" count="1"/>
        <line num="33" type="method" name="notRequired" visibility="public" complexity="1" crap="1" count="1"/>
        <line num="35" type="stmt" count="1"/>
        <line num="41" type="method" name="isRequired" visibility="public" complexity="1" crap="1" count="3"/>
        <line num="43" type="stmt" count="3"/>
        <line num="49" type="method" name="isNotRequired" visibility="public" complexity="1" crap="1" count="1"/>
        <line num="51" type="stmt" count="1"/>
        <metrics loc="54" ncloc="33" classes="1" methods="4" coveredmethods="4" conditionals="0" coveredconditionals="0" statements="5" coveredstatements="5" elements="9" coveredelements="9"/>
      </file>
      <file name="/home/josh/code/honed/honed/packages/laravel/form/src/Concerns/Cancellable.php">
        <class name="Honed\Form\Concerns\Cancellable" namespace="Honed\Form\Concerns">
          <metrics complexity="6" methods="5" coveredmethods="5" conditionals="0" coveredconditionals="0" statements="6" coveredstatements="6" elements="11" coveredelements="11"/>
        </class>
        <line num="18" type="method" name="getCancel" visibility="public" complexity="1" crap="1" count="3"/>
        <line num="20" type="stmt" count="3"/>
        <line num="28" type="method" name="onCancel" visibility="public" complexity="2" crap="2" count="2"/>
        <line num="30" type="stmt" count="2"/>
        <line num="32" type="stmt" count="2"/>
        <line num="40" type="method" name="onCancelRedirect" visibility="public" complexity="1" crap="1" count="1"/>
        <line num="42" type="stmt" count="1"/>
        <line num="50" type="method" name="onCancelRoute" visibility="public" complexity="1" crap="1" count="1"/>
        <line num="52" type="stmt" count="1"/>
        <line num="60" type="method" name="onCancelReset" visibility="public" complexity="1" crap="1" count="1"/>
        <line num="62" type="stmt" count="1"/>
        <metrics loc="65" ncloc="40" classes="1" methods="5" coveredmethods="5" conditionals="0" coveredconditionals="0" statements="6" coveredstatements="6" elements="11" coveredelements="11"/>
      </file>
      <file name="/home/josh/code/honed/honed/packages/laravel/form/src/Concerns/HasAction.php">
        <class name="Honed\Form\Concerns\HasAction" namespace="Honed\Form\Concerns">
          <metrics complexity="2" methods="2" coveredmethods="2" conditionals="0" coveredconditionals="0" statements="3" coveredstatements="3" elements="5" coveredelements="5"/>
        </class>
        <line num="21" type="method" name="action" visibility="public" complexity="1" crap="1" count="1"/>
        <line num="23" type="stmt" count="1"/>
        <line num="25" type="stmt" count="1"/>
        <line num="31" type="method" name="getAction" visibility="public" complexity="1" crap="1" count="2"/>
        <line num="33" type="stmt" count="2"/>
        <metrics loc="36" ncloc="23" classes="1" methods="2" coveredmethods="2" conditionals="0" coveredconditionals="0" statements="3" coveredstatements="3" elements="5" coveredelements="5"/>
      </file>
      <file name="/home/josh/code/honed/honed/packages/laravel/form/src/Concerns/HasDefaultValue.php">
        <class name="Honed\Form\Concerns\HasDefaultValue" namespace="Honed\Form\Concerns">
          <metrics complexity="3" methods="3" coveredmethods="2" conditionals="0" coveredconditionals="0" statements="4" coveredstatements="3" elements="7" coveredelements="5"/>
        </class>
        <line num="21" type="method" name="defaultValue" visibility="public" complexity="1" crap="1" count="1"/>
        <line num="23" type="stmt" count="1"/>
        <line num="25" type="stmt" count="1"/>
        <line num="31" type="method" name="getDefaultValue" visibility="public" complexity="1" crap="1" count="3"/>
        <line num="33" type="stmt" count="3"/>
        <line num="39" type="method" name="empty" visibility="public" complexity="1" crap="2" count="0"/>
        <line num="41" type="stmt" count="0"/>
        <metrics loc="44" ncloc="28" classes="1" methods="3" coveredmethods="2" conditionals="0" coveredconditionals="0" statements="4" coveredstatements="3" elements="7" coveredelements="5"/>
      </file>
      <file name="/home/josh/code/honed/honed/packages/laravel/form/src/Concerns/HasForm.php">
        <class name="Honed\Form\Concerns\HasForm" namespace="Honed\Form\Concerns">
          <metrics complexity="6" methods="3" coveredmethods="3" conditionals="0" coveredconditionals="0" statements="13" coveredstatements="13" elements="16" coveredelements="16"/>
        </class>
        <line num="24" type="method" name="form" visibility="public" complexity="1" crap="1" count="3"/>
        <line num="26" type="stmt" count="3"/>
        <line num="34" type="method" name="newForm" visibility="protected" complexity="3" crap="3" count="3"/>
        <line num="36" type="stmt" count="3"/>
        <line num="37" type="stmt" count="1"/>
        <line num="40" type="stmt" count="2"/>
        <line num="41" type="stmt" count="1"/>
        <line num="44" type="stmt" count="1"/>
        <line num="52" type="method" name="getUseFormAttribute" visibility="protected" complexity="2" crap="2" count="2"/>
        <line num="54" type="stmt" count="2"/>
        <line num="55" type="stmt" count="2"/>
        <line num="57" type="stmt" count="2"/>
        <line num="58" type="stmt" count="1"/>
        <line num="60" type="stmt" count="1"/>
        <line num="62" type="stmt" count="1"/>
        <line num="65" type="stmt" count="1"/>
        <metrics loc="68" ncloc="47" classes="1" methods="3" coveredmethods="3" conditionals="0" coveredconditionals="0" statements="13" coveredstatements="13" elements="16" coveredelements="16"/>
      </file>
      <file name="/home/josh/code/honed/honed/packages/laravel/form/src/Concerns/HasHint.php">
        <class name="Honed\Form\Concerns\HasHint" namespace="Honed\Form\Concerns">
          <metrics complexity="2" methods="2" coveredmethods="2" conditionals="0" coveredconditionals="0" statements="3" coveredstatements="3" elements="5" coveredelements="5"/>
        </class>
        <line num="21" type="method" name="hint" visibility="public" complexity="1" crap="1" count="1"/>
        <line num="23" type="stmt" count="1"/>
        <line num="25" type="stmt" count="1"/>
        <line num="31" type="method" name="getHint" visibility="public" complexity="1" crap="1" count="3"/>
        <line num="33" type="stmt" count="3"/>
        <metrics loc="36" ncloc="23" classes="1" methods="2" coveredmethods="2" conditionals="0" coveredconditionals="0" statements="3" coveredstatements="3" elements="5" coveredelements="5"/>
      </file>
      <file name="/home/josh/code/honed/honed/packages/laravel/form/src/Concerns/HasLib.php">
        <class name="Honed\Form\Concerns\HasLib" namespace="Honed\Form\Concerns">
          <metrics complexity="3" methods="3" coveredmethods="3" conditionals="0" coveredconditionals="0" statements="5" coveredstatements="5" elements="8" coveredelements="8"/>
        </class>
        <line num="23" type="method" name="lib" visibility="public" complexity="1" crap="1" count="1"/>
        <line num="25" type="stmt" count="1"/>
        <line num="27" type="stmt" count="1"/>
        <line num="33" type="method" name="getLib" visibility="public" complexity="1" crap="1" count="1"/>
        <line num="35" type="stmt" count="1"/>
        <line num="37" type="stmt" count="1"/>
        <line num="43" type="method" name="getDefaultLib" visibility="protected" complexity="1" crap="1" count="1"/>
        <line num="46" type="stmt" count="1"/>
        <metrics loc="49" ncloc="32" classes="1" methods="3" coveredmethods="3" conditionals="0" coveredconditionals="0" statements="5" coveredstatements="5" elements="8" coveredelements="8"/>
      </file>
      <file name="/home/josh/code/honed/honed/packages/laravel/form/src/Concerns/HasSchema.php">
        <class name="Honed\Form\Concerns\HasSchema" namespace="Honed\Form\Concerns">
          <metrics complexity="3" methods="3" coveredmethods="3" conditionals="0" coveredconditionals="0" statements="7" coveredstatements="7" elements="10" coveredelements="10"/>
        </class>
        <line num="25" type="method" name="schema" visibility="public" complexity="1" crap="1" count="18"/>
        <line num="27" type="stmt" count="18"/>
        <line num="29" type="stmt" count="18"/>
        <line num="37" type="method" name="getSchema" visibility="public" complexity="1" crap="1" count="4"/>
        <line num="39" type="stmt" count="4"/>
        <line num="47" type="method" name="resolveSchema" visibility="public" complexity="1" crap="1" count="3"/>
        <line num="49" type="stmt" count="3"/>
        <line num="50" type="stmt" count="3"/>
        <line num="51" type="stmt" count="3"/>
        <line num="52" type="stmt" count="3"/>
        <metrics loc="55" ncloc="34" classes="1" methods="3" coveredmethods="3" conditionals="0" coveredconditionals="0" statements="7" coveredstatements="7" elements="10" coveredelements="10"/>
      </file>
      <file name="/home/josh/code/honed/honed/packages/laravel/form/src/Concerns/HasText.php">
        <class name="Honed\Form\Concerns\HasText" namespace="Honed\Form\Concerns">
          <metrics complexity="2" methods="2" coveredmethods="2" conditionals="0" coveredconditionals="0" statements="3" coveredstatements="3" elements="5" coveredelements="5"/>
        </class>
        <line num="21" type="method" name="text" visibility="public" complexity="1" crap="1" count="3"/>
        <line num="23" type="stmt" count="3"/>
        <line num="25" type="stmt" count="3"/>
        <line num="31" type="method" name="getText" visibility="public" complexity="1" crap="1" count="2"/>
        <line num="33" type="stmt" count="2"/>
        <metrics loc="36" ncloc="23" classes="1" methods="2" coveredmethods="2" conditionals="0" coveredconditionals="0" statements="3" coveredstatements="3" elements="5" coveredelements="5"/>
      </file>
    </package>
    <file name="/home/josh/code/honed/honed/packages/laravel/form/src/Contracts/Defaultable.php">
      <metrics loc="26" ncloc="15" classes="0" methods="0" coveredmethods="0" conditionals="0" coveredconditionals="0" statements="0" coveredstatements="0" elements="0" coveredelements="0"/>
    </file>
    <file name="/home/josh/code/honed/honed/packages/laravel/form/src/Enums/Cancel.php">
      <metrics loc="11" ncloc="11" classes="0" methods="0" coveredmethods="0" conditionals="0" coveredconditionals="0" statements="0" coveredstatements="0" elements="0" coveredelements="0"/>
    </file>
    <package name="Honed\Form">
      <file name="/home/josh/code/honed/honed/packages/laravel/form/src/Form.php">
        <class name="Honed\Form\Form" namespace="Honed\Form">
          <metrics complexity="17" methods="12" coveredmethods="9" conditionals="0" coveredconditionals="0" statements="37" coveredstatements="32" elements="49" coveredelements="41"/>
        </class>
        <line num="58" type="method" name="setUp" visibility="protected" complexity="1" crap="1" count="16"/>
        <line num="60" type="stmt" count="16"/>
        <line num="62" type="stmt" count="16"/>
        <line num="70" type="method" name="make" visibility="public" complexity="1" crap="1" count="15"/>
        <line num="72" type="stmt" count="15"/>
        <line num="80" type="method" name="formForModel" visibility="public" complexity="1" crap="1" count="2"/>
        <line num="82" type="stmt" count="2"/>
        <line num="84" type="stmt" count="2"/>
        <line num="93" type="method" name="resolveFormName" visibility="public" complexity="2" crap="2.01" count="3"/>
        <line num="95" type="stmt" count="3"/>
        <line num="96" type="stmt" count="2"/>
        <line num="98" type="stmt" count="2"/>
        <line num="99" type="stmt" count="2"/>
        <line num="100" type="stmt" count="0"/>
        <line num="103" type="stmt" count="2"/>
        <line num="104" type="stmt" count="2"/>
        <line num="106" type="stmt" count="3"/>
        <line num="112" type="method" name="useNamespace" visibility="public" complexity="1" crap="1" count="1"/>
        <line num="114" type="stmt" count="1"/>
        <line num="122" type="method" name="guessFormNamesUsing" visibility="public" complexity="1" crap="1" count="1"/>
        <line num="124" type="stmt" count="1"/>
        <line num="130" type="method" name="flushState" visibility="public" complexity="1" crap="1" count="5"/>
        <line num="132" type="stmt" count="5"/>
        <line num="133" type="stmt" count="5"/>
        <line num="141" type="method" name="from" visibility="public" complexity="1" crap="2" count="0"/>
        <line num="143" type="stmt" count="0"/>
        <line num="145" type="stmt" count="0"/>
        <line num="151" type="method" name="appNamespace" visibility="protected" complexity="2" crap="2.26" count="2"/>
        <line num="154" type="stmt" count="2"/>
        <line num="155" type="stmt" count="2"/>
        <line num="156" type="stmt" count="2"/>
        <line num="157" type="stmt" count="0"/>
        <line num="158" type="stmt" count="0"/>
        <line num="167" type="method" name="representation" visibility="protected" complexity="1" crap="1" count="1"/>
        <line num="169" type="stmt" count="1"/>
        <line num="170" type="stmt" count="1"/>
        <line num="171" type="stmt" count="1"/>
        <line num="172" type="stmt" count="1"/>
        <line num="173" type="stmt" count="1"/>
        <line num="174" type="stmt" count="1"/>
        <line num="182" type="method" name="resolveDefaultClosureDependencyForEvaluationByName" visibility="protected" complexity="2" crap="2" count="2"/>
        <line num="184" type="stmt" count="2"/>
        <line num="185" type="stmt" count="2"/>
        <line num="186" type="stmt" count="2"/>
        <line num="195" type="method" name="resolveDefaultClosureDependencyForEvaluationByType" visibility="protected" complexity="3" crap="3" count="1"/>
        <line num="197" type="stmt" count="1"/>
        <line num="198" type="stmt" count="1"/>
        <line num="199" type="stmt" count="1"/>
        <line num="200" type="stmt" count="1"/>
        <metrics loc="203" ncloc="130" classes="1" methods="12" coveredmethods="9" conditionals="0" coveredconditionals="0" statements="37" coveredstatements="32" elements="49" coveredelements="41"/>
      </file>
      <file name="/home/josh/code/honed/honed/packages/laravel/form/src/FormServiceProvider.php">
        <class name="Honed\Form\FormServiceProvider" namespace="Honed\Form">
          <metrics complexity="4" methods="3" coveredmethods="3" conditionals="0" coveredconditionals="0" statements="14" coveredstatements="14" elements="17" coveredelements="17"/>
        </class>
        <line num="17" type="method" name="register" visibility="public" complexity="1" crap="1" count="56"/>
        <line num="19" type="stmt" count="56"/>
        <line num="25" type="method" name="boot" visibility="public" complexity="2" crap="2" count="56"/>
        <line num="27" type="stmt" count="56"/>
        <line num="28" type="stmt" count="56"/>
        <line num="30" type="stmt" count="56"/>
        <line num="31" type="stmt" count="56"/>
        <line num="32" type="stmt" count="56"/>
        <line num="33" type="stmt" count="56"/>
        <line num="34" type="stmt" count="56"/>
        <line num="41" type="method" name="offerPublishing" visibility="protected" complexity="1" crap="1" count="56"/>
        <line num="43" type="stmt" count="56"/>
        <line num="44" type="stmt" count="56"/>
        <line num="45" type="stmt" count="56"/>
        <line num="47" type="stmt" count="56"/>
        <line num="48" type="stmt" count="56"/>
        <line num="49" type="stmt" count="56"/>
        <metrics loc="52" ncloc="43" classes="1" methods="3" coveredmethods="3" conditionals="0" coveredconditionals="0" statements="14" coveredstatements="14" elements="17" coveredelements="17"/>
      </file>
    </package>
    <metrics files="34" loc="1710" ncloc="1118" classes="32" methods="95" coveredmethods="88" conditionals="0" coveredconditionals="0" statements="202" coveredstatements="193" elements="297" coveredelements="281"/>
  </project>
</coverage>
