<?xml version="1.0" encoding="UTF-8"?>
<coverage generated="1761950795">
  <project timestamp="1761950795">
    <package name="Honed\Crumb\Attributes">
      <file name="/home/josh/code/honed/honed/packages/laravel/crumb/src/Attributes/Trail.php">
        <class name="Honed\Crumb\Attributes\Trail" namespace="Honed\Crumb\Attributes">
          <metrics complexity="2" methods="2" coveredmethods="0" conditionals="0" coveredconditionals="0" statements="2" coveredstatements="0" elements="4" coveredelements="0"/>
        </class>
        <line num="12" type="method" name="__construct" visibility="public" complexity="1" crap="2" count="0"/>
        <line num="14" type="stmt" count="0"/>
        <line num="21" type="method" name="getTrail" visibility="public" complexity="1" crap="2" count="0"/>
        <line num="23" type="stmt" count="0"/>
        <metrics loc="26" ncloc="21" classes="1" methods="2" coveredmethods="0" conditionals="0" coveredconditionals="0" statements="2" coveredstatements="0" elements="4" coveredelements="0"/>
      </file>
    </package>
    <package name="Honed\Crumb\Concerns">
      <file name="/home/josh/code/honed/honed/packages/laravel/crumb/src/Concerns/HasCrumbs.php">
        <class name="Honed\Crumb\Concerns\HasCrumbs" namespace="Honed\Crumb\Concerns">
          <metrics complexity="11" methods="5" coveredmethods="4" conditionals="0" coveredconditionals="0" statements="19" coveredstatements="15" elements="24" coveredelements="19"/>
        </class>
        <line num="18" type="method" name="__construct" visibility="public" complexity="1" crap="1" count="1"/>
        <line num="20" type="stmt" count="1"/>
        <line num="30" type="method" name="configureCrumbs" visibility="public" complexity="1" crap="1" count="1"/>
        <line num="32" type="stmt" count="1"/>
        <line num="34" type="stmt" count="1"/>
        <line num="42" type="method" name="getCrumbName" visibility="public" complexity="6" crap="6" count="1"/>
        <line num="45" type="stmt" count="1"/>
        <line num="46" type="stmt" count="1"/>
        <line num="47" type="stmt" count="1"/>
        <line num="48" type="stmt" count="1"/>
        <line num="49" type="stmt" count="1"/>
        <line num="58" type="method" name="getMethodCrumbAttribute" visibility="protected" complexity="2" crap="2.75" count="1"/>
        <line num="60" type="stmt" count="1"/>
        <line num="62" type="stmt" count="1"/>
        <line num="63" type="stmt" count="1"/>
        <line num="66" type="stmt" count="0"/>
        <line num="67" type="stmt" count="0"/>
        <line num="68" type="stmt" count="0"/>
        <line num="70" type="stmt" count="0"/>
        <line num="78" type="method" name="getClassCrumbAttribute" visibility="protected" complexity="1" crap="1" count="1"/>
        <line num="80" type="stmt" count="1"/>
        <line num="81" type="stmt" count="1"/>
        <line num="82" type="stmt" count="1"/>
        <line num="84" type="stmt" count="1"/>
        <metrics loc="87" ncloc="61" classes="1" methods="5" coveredmethods="4" conditionals="0" coveredconditionals="0" statements="19" coveredstatements="15" elements="24" coveredelements="19"/>
      </file>
    </package>
    <package name="Honed\Crumb">
      <file name="/home/josh/code/honed/honed/packages/laravel/crumb/src/Crumb.php">
        <class name="Honed\Crumb\Crumb" namespace="Honed\Crumb">
          <metrics complexity="16" methods="6" coveredmethods="3" conditionals="0" coveredconditionals="0" statements="38" coveredstatements="13" elements="44" coveredelements="16"/>
        </class>
        <line num="24" type="method" name="__construct" visibility="public" complexity="1" crap="1" count="7"/>
        <line num="26" type="stmt" count="7"/>
        <line num="28" type="stmt" count="7"/>
        <line num="39" type="method" name="make" visibility="public" complexity="2" crap="2.03" count="7"/>
        <line num="41" type="stmt" count="7"/>
        <line num="42" type="stmt" count="7"/>
        <line num="44" type="stmt" count="7"/>
        <line num="45" type="stmt" count="7"/>
        <line num="48" type="stmt" count="0"/>
        <line num="56" type="method" name="isCurrent" visibility="public" complexity="2" crap="2" count="2"/>
        <line num="58" type="stmt" count="2"/>
        <line num="60" type="stmt" count="2"/>
        <line num="66" type="method" name="representation" visibility="protected" complexity="1" crap="1" count="3"/>
        <line num="68" type="stmt" count="3"/>
        <line num="69" type="stmt" count="3"/>
        <line num="70" type="stmt" count="3"/>
        <line num="71" type="stmt" count="3"/>
        <line num="72" type="stmt" count="3"/>
        <line num="80" type="method" name="resolveDefaultClosureDependencyForEvaluationByName" visibility="protected" complexity="5" crap="30" count="0"/>
        <line num="82" type="stmt" count="0"/>
        <line num="84" type="stmt" count="0"/>
        <line num="85" type="stmt" count="0"/>
        <line num="86" type="stmt" count="0"/>
        <line num="87" type="stmt" count="0"/>
        <line num="89" type="stmt" count="0"/>
        <line num="90" type="stmt" count="0"/>
        <line num="94" type="stmt" count="0"/>
        <line num="95" type="stmt" count="0"/>
        <line num="96" type="stmt" count="0"/>
        <line num="97" type="stmt" count="0"/>
        <line num="98" type="stmt" count="0"/>
        <line num="106" type="method" name="resolveDefaultClosureDependencyForEvaluationByType" visibility="protected" complexity="5" crap="30" count="0"/>
        <line num="108" type="stmt" count="0"/>
        <line num="110" type="stmt" count="0"/>
        <line num="111" type="stmt" count="0"/>
        <line num="112" type="stmt" count="0"/>
        <line num="113" type="stmt" count="0"/>
        <line num="114" type="stmt" count="0"/>
        <line num="115" type="stmt" count="0"/>
        <line num="118" type="stmt" count="0"/>
        <line num="119" type="stmt" count="0"/>
        <line num="120" type="stmt" count="0"/>
        <line num="121" type="stmt" count="0"/>
        <line num="122" type="stmt" count="0"/>
        <metrics loc="125" ncloc="97" classes="1" methods="6" coveredmethods="3" conditionals="0" coveredconditionals="0" statements="38" coveredstatements="13" elements="44" coveredelements="16"/>
      </file>
      <file name="/home/josh/code/honed/honed/packages/laravel/crumb/src/CrumbServiceProvider.php">
        <class name="Honed\Crumb\CrumbServiceProvider" namespace="Honed\Crumb">
          <metrics complexity="8" methods="4" coveredmethods="3" conditionals="0" coveredconditionals="0" statements="16" coveredstatements="14" elements="20" coveredelements="17"/>
        </class>
        <line num="17" type="method" name="register" visibility="public" complexity="1" crap="1" count="33"/>
        <line num="19" type="stmt" count="33"/>
        <line num="21" type="stmt" count="33"/>
        <line num="27" type="method" name="boot" visibility="public" complexity="1" crap="1" count="33"/>
        <line num="29" type="stmt" count="33"/>
        <line num="30" type="stmt" count="33"/>
        <line num="31" type="stmt" count="33"/>
        <line num="33" type="stmt" count="33"/>
        <line num="34" type="stmt" count="7"/>
        <line num="35" type="stmt" count="33"/>
        <line num="41" type="method" name="registerMiddleware" visibility="protected" complexity="1" crap="1" count="33"/>
        <line num="43" type="stmt" count="33"/>
        <line num="49" type="method" name="registerCrumbs" visibility="protected" complexity="5" crap="5.58" count="7"/>
        <line num="54" type="stmt" count="7"/>
        <line num="56" type="stmt" count="7"/>
        <line num="57" type="stmt" count="0"/>
        <line num="60" type="stmt" count="7"/>
        <line num="61" type="stmt" count="0"/>
        <line num="64" type="stmt" count="7"/>
        <line num="65" type="stmt" count="7"/>
        <metrics loc="69" ncloc="54" classes="1" methods="4" coveredmethods="3" conditionals="0" coveredconditionals="0" statements="16" coveredstatements="14" elements="20" coveredelements="17"/>
      </file>
      <file name="/home/josh/code/honed/honed/packages/laravel/crumb/src/Trail.php">
        <class name="Honed\Crumb\Trail" namespace="Honed\Crumb">
          <metrics complexity="17" methods="12" coveredmethods="5" conditionals="0" coveredconditionals="0" statements="40" coveredstatements="18" elements="52" coveredelements="23"/>
        </class>
        <line num="42" type="method" name="make" visibility="public" complexity="1" crap="1" count="4"/>
        <line num="44" type="stmt" count="4"/>
        <line num="45" type="stmt" count="4"/>
        <line num="54" type="method" name="crumbs" visibility="public" complexity="1" crap="1" count="4"/>
        <line num="56" type="stmt" count="4"/>
        <line num="58" type="stmt" count="4"/>
        <line num="60" type="stmt" count="4"/>
        <line num="71" type="method" name="add" visibility="public" complexity="3" crap="3.14" count="1"/>
        <line num="73" type="stmt" count="1"/>
        <line num="74" type="stmt" count="0"/>
        <line num="77" type="stmt" count="1"/>
        <line num="78" type="stmt" count="1"/>
        <line num="79" type="stmt" count="0"/>
        <line num="81" type="stmt" count="1"/>
        <line num="83" type="stmt" count="1"/>
        <line num="85" type="stmt" count="1"/>
        <line num="96" type="method" name="select" visibility="public" complexity="4" crap="20" count="0"/>
        <line num="98" type="stmt" count="0"/>
        <line num="99" type="stmt" count="0"/>
        <line num="102" type="stmt" count="0"/>
        <line num="103" type="stmt" count="0"/>
        <line num="106" type="stmt" count="0"/>
        <line num="107" type="stmt" count="0"/>
        <line num="108" type="stmt" count="0"/>
        <line num="109" type="stmt" count="0"/>
        <line num="111" type="stmt" count="0"/>
        <line num="112" type="stmt" count="0"/>
        <line num="113" type="stmt" count="0"/>
        <line num="116" type="stmt" count="0"/>
        <line num="125" type="method" name="addCrumb" visibility="protected" complexity="1" crap="2" count="0"/>
        <line num="127" type="stmt" count="0"/>
        <line num="129" type="stmt" count="0"/>
        <line num="137" type="method" name="getCrumbs" visibility="public" complexity="1" crap="1" count="2"/>
        <line num="139" type="stmt" count="2"/>
        <line num="147" type="method" name="share" visibility="public" complexity="1" crap="1" count="1"/>
        <line num="149" type="stmt" count="1"/>
        <line num="151" type="stmt" count="1"/>
        <line num="159" type="method" name="terminating" visibility="protected" complexity="1" crap="2" count="0"/>
        <line num="161" type="stmt" count="0"/>
        <line num="163" type="stmt" count="0"/>
        <line num="171" type="method" name="isTerminating" visibility="protected" complexity="1" crap="2" count="0"/>
        <line num="173" type="stmt" count="0"/>
        <line num="181" type="method" name="terminate" visibility="protected" complexity="1" crap="2" count="0"/>
        <line num="183" type="stmt" count="0"/>
        <line num="185" type="stmt" count="0"/>
        <line num="191" type="method" name="isTerminated" visibility="protected" complexity="1" crap="2" count="0"/>
        <line num="193" type="stmt" count="0"/>
        <line num="199" type="method" name="representation" visibility="protected" complexity="1" crap="1" count="2"/>
        <line num="201" type="stmt" count="2"/>
        <line num="202" type="stmt" count="2"/>
        <line num="203" type="stmt" count="2"/>
        <line num="204" type="stmt" count="2"/>
        <metrics loc="207" ncloc="127" classes="1" methods="12" coveredmethods="5" conditionals="0" coveredconditionals="0" statements="40" coveredstatements="18" elements="52" coveredelements="23"/>
      </file>
      <file name="/home/josh/code/honed/honed/packages/laravel/crumb/src/TrailManager.php">
        <class name="Honed\Crumb\TrailManager" namespace="Honed\Crumb">
          <metrics complexity="7" methods="4" coveredmethods="2" conditionals="0" coveredconditionals="0" statements="15" coveredstatements="7" elements="19" coveredelements="9"/>
        </class>
        <line num="34" type="method" name="before" visibility="public" complexity="1" crap="2" count="0"/>
        <line num="36" type="stmt" count="0"/>
        <line num="38" type="stmt" count="0"/>
        <line num="50" type="method" name="for" visibility="public" complexity="2" crap="2" count="7"/>
        <line num="52" type="stmt" count="7"/>
        <line num="53" type="stmt" count="1"/>
        <line num="56" type="stmt" count="7"/>
        <line num="58" type="stmt" count="7"/>
        <line num="67" type="method" name="hasTrail" visibility="public" complexity="1" crap="1" count="7"/>
        <line num="69" type="stmt" count="7"/>
        <line num="80" type="method" name="get" visibility="public" complexity="3" crap="6.80" count="1"/>
        <line num="82" type="stmt" count="1"/>
        <line num="83" type="stmt" count="1"/>
        <line num="86" type="stmt" count="0"/>
        <line num="88" type="stmt" count="0"/>
        <line num="89" type="stmt" count="0"/>
        <line num="93" type="stmt" count="0"/>
        <line num="95" type="stmt" count="0"/>
        <line num="97" type="stmt" count="0"/>
        <metrics loc="100" ncloc="60" classes="1" methods="4" coveredmethods="2" conditionals="0" coveredconditionals="0" statements="15" coveredstatements="7" elements="19" coveredelements="9"/>
      </file>
    </package>
    <package name="Honed\Crumb\Exceptions">
      <file name="/home/josh/code/honed/honed/packages/laravel/crumb/src/Exceptions/ControllerExtensionException.php">
        <class name="Honed\Crumb\Exceptions\ControllerExtensionException" namespace="Honed\Crumb\Exceptions">
          <metrics complexity="2" methods="2" coveredmethods="2" conditionals="0" coveredconditionals="0" statements="7" coveredstatements="7" elements="9" coveredelements="9"/>
        </class>
        <line num="14" type="method" name="__construct" visibility="public" complexity="1" crap="1" count="1"/>
        <line num="16" type="stmt" count="1"/>
        <line num="17" type="stmt" count="1"/>
        <line num="18" type="stmt" count="1"/>
        <line num="19" type="stmt" count="1"/>
        <line num="20" type="stmt" count="1"/>
        <line num="21" type="stmt" count="1"/>
        <line num="32" type="method" name="throw" visibility="public" complexity="1" crap="1" count="1"/>
        <line num="34" type="stmt" count="1"/>
        <metrics loc="37" ncloc="24" classes="1" methods="2" coveredmethods="2" conditionals="0" coveredconditionals="0" statements="7" coveredstatements="7" elements="9" coveredelements="9"/>
      </file>
      <file name="/home/josh/code/honed/honed/packages/laravel/crumb/src/Exceptions/DuplicateTrailException.php">
        <class name="Honed\Crumb\Exceptions\DuplicateTrailException" namespace="Honed\Crumb\Exceptions">
          <metrics complexity="2" methods="2" coveredmethods="2" conditionals="0" coveredconditionals="0" statements="7" coveredstatements="7" elements="9" coveredelements="9"/>
        </class>
        <line num="14" type="method" name="__construct" visibility="public" complexity="1" crap="1" count="2"/>
        <line num="16" type="stmt" count="2"/>
        <line num="17" type="stmt" count="2"/>
        <line num="18" type="stmt" count="2"/>
        <line num="19" type="stmt" count="2"/>
        <line num="20" type="stmt" count="2"/>
        <line num="21" type="stmt" count="2"/>
        <line num="32" type="method" name="throw" visibility="public" complexity="1" crap="1" count="2"/>
        <line num="34" type="stmt" count="2"/>
        <metrics loc="37" ncloc="24" classes="1" methods="2" coveredmethods="2" conditionals="0" coveredconditionals="0" statements="7" coveredstatements="7" elements="9" coveredelements="9"/>
      </file>
      <file name="/home/josh/code/honed/honed/packages/laravel/crumb/src/Exceptions/TrailCannotTerminateException.php">
        <class name="Honed\Crumb\Exceptions\TrailCannotTerminateException" namespace="Honed\Crumb\Exceptions">
          <metrics complexity="2" methods="2" coveredmethods="2" conditionals="0" coveredconditionals="0" statements="4" coveredstatements="4" elements="6" coveredelements="6"/>
        </class>
        <line num="12" type="method" name="__construct" visibility="public" complexity="1" crap="1" count="1"/>
        <line num="14" type="stmt" count="1"/>
        <line num="15" type="stmt" count="1"/>
        <line num="16" type="stmt" count="1"/>
        <line num="26" type="method" name="throw" visibility="public" complexity="1" crap="1" count="1"/>
        <line num="28" type="stmt" count="1"/>
        <metrics loc="31" ncloc="21" classes="1" methods="2" coveredmethods="2" conditionals="0" coveredconditionals="0" statements="4" coveredstatements="4" elements="6" coveredelements="6"/>
      </file>
      <file name="/home/josh/code/honed/honed/packages/laravel/crumb/src/Exceptions/TrailNotFoundException.php">
        <class name="Honed\Crumb\Exceptions\TrailNotFoundException" namespace="Honed\Crumb\Exceptions">
          <metrics complexity="2" methods="2" coveredmethods="2" conditionals="0" coveredconditionals="0" statements="7" coveredstatements="7" elements="9" coveredelements="9"/>
        </class>
        <line num="14" type="method" name="__construct" visibility="public" complexity="1" crap="1" count="2"/>
        <line num="16" type="stmt" count="2"/>
        <line num="17" type="stmt" count="2"/>
        <line num="18" type="stmt" count="2"/>
        <line num="19" type="stmt" count="2"/>
        <line num="20" type="stmt" count="2"/>
        <line num="21" type="stmt" count="2"/>
        <line num="32" type="method" name="throw" visibility="public" complexity="1" crap="1" count="2"/>
        <line num="34" type="stmt" count="2"/>
        <metrics loc="37" ncloc="24" classes="1" methods="2" coveredmethods="2" conditionals="0" coveredconditionals="0" statements="7" coveredstatements="7" elements="9" coveredelements="9"/>
      </file>
    </package>
    <package name="Honed\Crumb\Facades">
      <file name="/home/josh/code/honed/honed/packages/laravel/crumb/src/Facades/Crumbs.php">
        <class name="Honed\Crumb\Facades\Crumbs" namespace="Honed\Crumb\Facades">
          <metrics complexity="2" methods="2" coveredmethods="2" conditionals="0" coveredconditionals="0" statements="2" coveredstatements="2" elements="4" coveredelements="4"/>
        </class>
        <line num="25" type="method" name="getFacadeRoot" visibility="public" complexity="1" crap="1" count="9"/>
        <line num="28" type="stmt" count="9"/>
        <line num="36" type="method" name="getFacadeAccessor" visibility="protected" complexity="1" crap="1" count="9"/>
        <line num="38" type="stmt" count="9"/>
        <metrics loc="41" ncloc="22" classes="1" methods="2" coveredmethods="2" conditionals="0" coveredconditionals="0" statements="2" coveredstatements="2" elements="4" coveredelements="4"/>
      </file>
    </package>
    <package name="Honed\Crumb\Middleware">
      <file name="/home/josh/code/honed/honed/packages/laravel/crumb/src/Middleware/ShareCrumb.php">
        <class name="Honed\Crumb\Middleware\ShareCrumb" namespace="Honed\Crumb\Middleware">
          <metrics complexity="3" methods="2" coveredmethods="0" conditionals="0" coveredconditionals="0" statements="5" coveredstatements="0" elements="7" coveredelements="0"/>
        </class>
        <line num="20" type="method" name="handle" visibility="public" complexity="2" crap="6" count="0"/>
        <line num="22" type="stmt" count="0"/>
        <line num="24" type="stmt" count="0"/>
        <line num="25" type="stmt" count="0"/>
        <line num="28" type="stmt" count="0"/>
        <line num="36" type="method" name="getDefaultCrumb" visibility="protected" complexity="1" crap="2" count="0"/>
        <line num="39" type="stmt" count="0"/>
        <metrics loc="42" ncloc="28" classes="1" methods="2" coveredmethods="0" conditionals="0" coveredconditionals="0" statements="5" coveredstatements="0" elements="7" coveredelements="0"/>
      </file>
    </package>
    <package name="Honed\Crumb\Support">
      <file name="/home/josh/code/honed/honed/packages/laravel/crumb/src/Support/Constants.php">
        <class name="Honed\Crumb\Support\Constants" namespace="Honed\Crumb\Support">
          <metrics complexity="0" methods="0" coveredmethods="0" conditionals="0" coveredconditionals="0" statements="0" coveredstatements="0" elements="0" coveredelements="0"/>
        </class>
        <metrics loc="11" ncloc="11" classes="0" methods="0" coveredmethods="0" conditionals="0" coveredconditionals="0" statements="0" coveredstatements="0" elements="0" coveredelements="0"/>
      </file>
    </package>
    <file name="/home/josh/code/honed/honed/packages/laravel/crumb/src/helpers.php">
      <line num="13" type="stmt" count="1"/>
      <line num="15" type="stmt" count="1"/>
      <metrics loc="18" ncloc="13" classes="0" methods="0" coveredmethods="0" conditionals="0" coveredconditionals="0" statements="2" coveredstatements="2" elements="2" coveredelements="2"/>
    </file>
    <metrics files="14" loc="868" ncloc="587" classes="12" methods="45" coveredmethods="27" conditionals="0" coveredconditionals="0" statements="164" coveredstatements="96" elements="209" coveredelements="123"/>
  </project>
</coverage>
