<?xml version="1.0" encoding="UTF-8"?>
<coverage generated="1769650373">
  <project timestamp="1769650373">
    <package name="Honed\Toast\Commands">
      <file name="/home/josh/code/honed/honed/packages/laravel/flash/src/Commands/ToastMakeCommand.php">
        <class name="Honed\Toast\Commands\ToastMakeCommand" namespace="Honed\Toast\Commands">
          <metrics complexity="6" methods="5" coveredmethods="0" conditionals="0" coveredconditionals="0" statements="14" coveredstatements="0" elements="19" coveredelements="0"/>
        </class>
        <line num="42" type="method" name="getStub" visibility="protected" complexity="1" crap="2" count="0"/>
        <line num="44" type="stmt" count="0"/>
        <line num="53" type="method" name="resolveStubPath" visibility="protected" complexity="2" crap="6" count="0"/>
        <line num="55" type="stmt" count="0"/>
        <line num="56" type="stmt" count="0"/>
        <line num="57" type="stmt" count="0"/>
        <line num="66" type="method" name="getDefaultNamespace" visibility="protected" complexity="1" crap="2" count="0"/>
        <line num="68" type="stmt" count="0"/>
        <line num="74" type="method" name="getOptions" visibility="protected" complexity="1" crap="2" count="0"/>
        <line num="76" type="stmt" count="0"/>
        <line num="77" type="stmt" count="0"/>
        <line num="78" type="stmt" count="0"/>
        <line num="86" type="method" name="promptForMissingArgumentsUsing" visibility="protected" complexity="1" crap="2" count="0"/>
        <line num="88" type="stmt" count="0"/>
        <line num="89" type="stmt" count="0"/>
        <line num="90" type="stmt" count="0"/>
        <line num="91" type="stmt" count="0"/>
        <line num="92" type="stmt" count="0"/>
        <line num="93" type="stmt" count="0"/>
        <metrics loc="95" ncloc="55" classes="1" methods="5" coveredmethods="0" conditionals="0" coveredconditionals="0" statements="14" coveredstatements="0" elements="19" coveredelements="0"/>
      </file>
    </package>
    <file name="/home/josh/code/honed/honed/packages/laravel/flash/src/Contracts/Flashable.php">
      <metrics loc="39" ncloc="19" classes="0" methods="0" coveredmethods="0" conditionals="0" coveredconditionals="0" statements="0" coveredstatements="0" elements="0" coveredelements="0"/>
    </file>
    <file name="/home/josh/code/honed/honed/packages/laravel/flash/src/Enums/FlashType.php">
      <metrics loc="13" ncloc="13" classes="0" methods="0" coveredmethods="0" conditionals="0" coveredconditionals="0" statements="0" coveredstatements="0" elements="0" coveredelements="0"/>
    </file>
    <package name="Honed\Flash\Facades">
      <file name="/home/josh/code/honed/honed/packages/laravel/flash/src/Facades/Flash.php">
        <class name="Honed\Flash\Facades\Flash" namespace="Honed\Flash\Facades">
          <metrics complexity="2" methods="2" coveredmethods="2" conditionals="0" coveredconditionals="0" statements="2" coveredstatements="2" elements="4" coveredelements="4"/>
        </class>
        <line num="28" type="method" name="getFacadeRoot" visibility="public" complexity="1" crap="1" count="12"/>
        <line num="31" type="stmt" count="12"/>
        <line num="37" type="method" name="getFacadeAccessor" visibility="protected" complexity="1" crap="1" count="12"/>
        <line num="39" type="stmt" count="12"/>
        <metrics loc="42" ncloc="22" classes="1" methods="2" coveredmethods="2" conditionals="0" coveredconditionals="0" statements="2" coveredstatements="2" elements="4" coveredelements="4"/>
      </file>
    </package>
    <package name="Honed\Flash">
      <file name="/home/josh/code/honed/honed/packages/laravel/flash/src/FlashFactory.php">
        <class name="Honed\Flash\FlashFactory" namespace="Honed\Flash">
          <metrics complexity="9" methods="8" coveredmethods="8" conditionals="0" coveredconditionals="0" statements="15" coveredstatements="15" elements="23" coveredelements="23"/>
        </class>
        <line num="15" type="method" name="__construct" visibility="public" complexity="1" crap="1" count="12"/>
        <line num="17" type="stmt" count="12"/>
        <line num="24" type="method" name="message" visibility="public" complexity="2" crap="2" count="10"/>
        <line num="30" type="stmt" count="10"/>
        <line num="31" type="stmt" count="10"/>
        <line num="32" type="stmt" count="10"/>
        <line num="33" type="stmt" count="10"/>
        <line num="34" type="stmt" count="10"/>
        <line num="37" type="stmt" count="10"/>
        <line num="39" type="stmt" count="10"/>
        <line num="47" type="method" name="success" visibility="public" complexity="1" crap="1" count="2"/>
        <line num="49" type="stmt" count="2"/>
        <line num="57" type="method" name="error" visibility="public" complexity="1" crap="1" count="1"/>
        <line num="59" type="stmt" count="1"/>
        <line num="67" type="method" name="info" visibility="public" complexity="1" crap="1" count="1"/>
        <line num="69" type="stmt" count="1"/>
        <line num="77" type="method" name="warning" visibility="public" complexity="1" crap="1" count="1"/>
        <line num="79" type="stmt" count="1"/>
        <line num="86" type="method" name="getProperty" visibility="public" complexity="1" crap="1" count="11"/>
        <line num="88" type="stmt" count="11"/>
        <line num="97" type="method" name="property" visibility="public" complexity="1" crap="1" count="1"/>
        <line num="99" type="stmt" count="1"/>
        <line num="101" type="stmt" count="1"/>
        <metrics loc="104" ncloc="69" classes="1" methods="8" coveredmethods="8" conditionals="0" coveredconditionals="0" statements="15" coveredstatements="15" elements="23" coveredelements="23"/>
      </file>
      <file name="/home/josh/code/honed/honed/packages/laravel/flash/src/FlashServiceProvider.php">
        <class name="Honed\Flash\FlashServiceProvider" namespace="Honed\Flash">
          <metrics complexity="7" methods="6" coveredmethods="6" conditionals="0" coveredconditionals="0" statements="42" coveredstatements="42" elements="48" coveredelements="48"/>
        </class>
        <line num="22" type="method" name="register" visibility="public" complexity="1" crap="1" count="24"/>
        <line num="24" type="stmt" count="24"/>
        <line num="27" type="stmt" count="24"/>
        <line num="29" type="stmt" count="24"/>
        <line num="35" type="method" name="boot" visibility="public" complexity="2" crap="2" count="24"/>
        <line num="37" type="stmt" count="24"/>
        <line num="38" type="stmt" count="24"/>
        <line num="40" type="stmt" count="24"/>
        <line num="41" type="stmt" count="24"/>
        <line num="42" type="stmt" count="24"/>
        <line num="45" type="stmt" count="24"/>
        <line num="46" type="stmt" count="24"/>
        <line num="47" type="stmt" count="24"/>
        <line num="53" type="method" name="offerPublishing" visibility="protected" complexity="1" crap="1" count="24"/>
        <line num="55" type="stmt" count="24"/>
        <line num="56" type="stmt" count="24"/>
        <line num="57" type="stmt" count="24"/>
        <line num="59" type="stmt" count="24"/>
        <line num="60" type="stmt" count="24"/>
        <line num="61" type="stmt" count="24"/>
        <line num="67" type="method" name="registerMiddlewareAlias" visibility="protected" complexity="1" crap="1" count="24"/>
        <line num="69" type="stmt" count="24"/>
        <line num="75" type="method" name="registerRedirectResponseMacros" visibility="protected" complexity="1" crap="1" count="24"/>
        <line num="77" type="stmt" count="24"/>
        <line num="78" type="stmt" count="24"/>
        <line num="79" type="stmt" count="24"/>
        <line num="80" type="stmt" count="24"/>
        <line num="81" type="stmt" count="24"/>
        <line num="83" type="stmt" count="1"/>
        <line num="85" type="stmt" count="1"/>
        <line num="86" type="stmt" count="24"/>
        <line num="92" type="method" name="registerInertiaMacros" visibility="protected" complexity="1" crap="1" count="24"/>
        <line num="94" type="stmt" count="24"/>
        <line num="95" type="stmt" count="24"/>
        <line num="96" type="stmt" count="24"/>
        <line num="97" type="stmt" count="24"/>
        <line num="98" type="stmt" count="24"/>
        <line num="100" type="stmt" count="1"/>
        <line num="102" type="stmt" count="1"/>
        <line num="103" type="stmt" count="24"/>
        <line num="105" type="stmt" count="24"/>
        <line num="106" type="stmt" count="24"/>
        <line num="107" type="stmt" count="24"/>
        <line num="108" type="stmt" count="24"/>
        <line num="109" type="stmt" count="24"/>
        <line num="111" type="stmt" count="1"/>
        <line num="113" type="stmt" count="1"/>
        <line num="114" type="stmt" count="24"/>
        <metrics loc="117" ncloc="95" classes="1" methods="6" coveredmethods="6" conditionals="0" coveredconditionals="0" statements="42" coveredstatements="42" elements="48" coveredelements="48"/>
      </file>
      <file name="/home/josh/code/honed/honed/packages/laravel/flash/src/Toast.php">
        <class name="Honed\Flash\Toast" namespace="Honed\Flash">
          <metrics complexity="17" methods="16" coveredmethods="16" conditionals="0" coveredconditionals="0" statements="26" coveredstatements="26" elements="42" coveredelements="42"/>
        </class>
        <line num="45" type="method" name="make" visibility="public" complexity="1" crap="1" count="5"/>
        <line num="47" type="stmt" count="5"/>
        <line num="53" type="method" name="getDefaultType" visibility="public" complexity="1" crap="1" count="7"/>
        <line num="56" type="stmt" count="7"/>
        <line num="62" type="method" name="getDefaultDuration" visibility="public" complexity="1" crap="1" count="12"/>
        <line num="64" type="stmt" count="12"/>
        <line num="72" type="method" name="message" visibility="public" complexity="1" crap="1" count="11"/>
        <line num="74" type="stmt" count="11"/>
        <line num="76" type="stmt" count="11"/>
        <line num="82" type="method" name="getMessage" visibility="public" complexity="1" crap="1" count="12"/>
        <line num="84" type="stmt" count="12"/>
        <line num="92" type="method" name="title" visibility="public" complexity="1" crap="1" count="1"/>
        <line num="94" type="stmt" count="1"/>
        <line num="96" type="stmt" count="1"/>
        <line num="102" type="method" name="getTitle" visibility="public" complexity="1" crap="1" count="12"/>
        <line num="104" type="stmt" count="12"/>
        <line num="112" type="method" name="type" visibility="public" complexity="1" crap="1" count="11"/>
        <line num="114" type="stmt" count="11"/>
        <line num="116" type="stmt" count="11"/>
        <line num="122" type="method" name="getType" visibility="public" complexity="2" crap="2" count="12"/>
        <line num="124" type="stmt" count="12"/>
        <line num="126" type="stmt" count="12"/>
        <line num="134" type="method" name="success" visibility="public" complexity="1" crap="1" count="1"/>
        <line num="136" type="stmt" count="1"/>
        <line num="144" type="method" name="error" visibility="public" complexity="1" crap="1" count="1"/>
        <line num="146" type="stmt" count="1"/>
        <line num="154" type="method" name="info" visibility="public" complexity="1" crap="1" count="1"/>
        <line num="156" type="stmt" count="1"/>
        <line num="164" type="method" name="warning" visibility="public" complexity="1" crap="1" count="1"/>
        <line num="166" type="stmt" count="1"/>
        <line num="174" type="method" name="duration" visibility="public" complexity="1" crap="1" count="11"/>
        <line num="176" type="stmt" count="11"/>
        <line num="178" type="stmt" count="11"/>
        <line num="184" type="method" name="getDuration" visibility="public" complexity="1" crap="1" count="12"/>
        <line num="186" type="stmt" count="12"/>
        <line num="194" type="method" name="representation" visibility="protected" complexity="1" crap="1" count="11"/>
        <line num="196" type="stmt" count="11"/>
        <line num="197" type="stmt" count="11"/>
        <line num="198" type="stmt" count="11"/>
        <line num="199" type="stmt" count="11"/>
        <line num="200" type="stmt" count="11"/>
        <line num="201" type="stmt" count="11"/>
        <metrics loc="204" ncloc="117" classes="1" methods="16" coveredmethods="16" conditionals="0" coveredconditionals="0" statements="26" coveredstatements="26" elements="42" coveredelements="42"/>
      </file>
    </package>
    <package name="Honed\Flash\Middleware">
      <file name="/home/josh/code/honed/honed/packages/laravel/flash/src/Middleware/ShareFlash.php">
        <class name="Honed\Flash\Middleware\ShareFlash" namespace="Honed\Flash\Middleware">
          <metrics complexity="2" methods="2" coveredmethods="2" conditionals="0" coveredconditionals="0" statements="4" coveredstatements="4" elements="6" coveredelements="6"/>
        </class>
        <line num="15" type="method" name="__construct" visibility="public" complexity="1" crap="1" count="1"/>
        <line num="17" type="stmt" count="1"/>
        <line num="24" type="method" name="handle" visibility="public" complexity="1" crap="1" count="1"/>
        <line num="26" type="stmt" count="1"/>
        <line num="28" type="stmt" count="1"/>
        <line num="30" type="stmt" count="1"/>
        <metrics loc="33" ncloc="28" classes="1" methods="2" coveredmethods="2" conditionals="0" coveredconditionals="0" statements="4" coveredstatements="4" elements="6" coveredelements="6"/>
      </file>
    </package>
    <file name="/home/josh/code/honed/honed/packages/laravel/flash/src/helpers.php">
      <line num="20" type="stmt" count="3"/>
      <line num="22" type="stmt" count="3"/>
      <line num="24" type="stmt" count="2"/>
      <line num="27" type="stmt" count="2"/>
      <metrics loc="30" ncloc="22" classes="0" methods="0" coveredmethods="0" conditionals="0" coveredconditionals="0" statements="4" coveredstatements="4" elements="4" coveredelements="4"/>
    </file>
    <metrics files="9" loc="677" ncloc="440" classes="6" methods="39" coveredmethods="34" conditionals="0" coveredconditionals="0" statements="107" coveredstatements="93" elements="146" coveredelements="127"/>
  </project>
</coverage>
